<?xml version="1.0" encoding="UTF-8"?>
<!-- Generated by org.testng.reporters.JUnitReportReporter -->
<testsuite hostname="DESKTOP-25JO6U9" failures="0" tests="1" name="Day2.DifferentWaysToCraetePost" time="3.007" errors="0" timestamp="2025-04-07T13:05:14 IST" skipped="0">
  <testcase classname="Day2.DifferentWaysToCraetePost" name="postUsingPOJOTest" time="3.007"/>
</testsuite> <!-- Day2.DifferentWaysToCraetePost -->
