<?xml version="1.0" encoding="UTF-8"?>
<!-- Generated by org.testng.reporters.JUnitReportReporter -->
<testsuite hostname="DESKTOP-25JO6U9" failures="0" tests="1" name="Day3.PathAndQuaryParameter" time="2.564" errors="0" timestamp="2025-04-07T14:58:12 IST" skipped="0">
  <testcase classname="Day3.PathAndQuaryParameter" name="pathAndQuaryParameter" time="2.564"/>
</testsuite> <!-- Day3.PathAndQuaryParameter -->
