<?xml version="1.0" encoding="UTF-8"?>
<!-- Generated by org.testng.reporters.JUnitReportReporter -->
<testsuite hostname="DESKTOP-25JO6U9" failures="0" tests="1" name="Day3.LogDemo" time="3.009" errors="0" timestamp="2025-04-07T18:15:59 IST" skipped="0">
  <testcase classname="Day3.LogDemo" name="logTest" time="3.009"/>
</testsuite> <!-- Day3.LogDemo -->
