<?xml version="1.0" encoding="UTF-8"?>
<!-- Generated by org.testng.reporters.JUnitReportReporter -->
<testsuite hostname="DESKTOP-25JO6U9" failures="0" tests="1" name="Day3.CookiesDemo" time="2.621" errors="0" timestamp="2025-04-07T16:51:15 IST" skipped="0">
  <testcase classname="Day3.CookiesDemo" name="getCookiesInfoTest" time="2.621"/>
</testsuite> <!-- Day3.CookiesDemo -->
