<?xml version="1.0" encoding="UTF-8"?>
<!-- Generated by org.testng.reporters.JUnitReportReporter -->
<testsuite hostname="DESKTOP-25JO6U9" failures="0" tests="1" name="Day3.HeadersDemo" time="2.492" errors="0" timestamp="2025-04-07T17:54:44 IST" skipped="0">
  <testcase classname="Day3.HeadersDemo" name="getHeaders" time="2.492"/>
</testsuite> <!-- Day3.HeadersDemo -->
